  [1m[35m (1255.1ms)[0m  [1m[35mCREATE DATABASE "FrapWithFriends_development" ENCODING = 'unicode'[0m
  ↳ bin/rails:9
  [1m[35m (281.5ms)[0m  [1m[35mCREATE DATABASE "FrapWithFriends_test" ENCODING = 'unicode'[0m
  ↳ bin/rails:9
  [1m[35m (175.6ms)[0m  [1m[35mCREATE TABLE "schema_migrations" ("version" character varying NOT NULL PRIMARY KEY)[0m
  ↳ bin/rails:9
  [1m[35m (41.0ms)[0m  [1m[35mCREATE TABLE "ar_internal_metadata" ("key" character varying NOT NULL PRIMARY KEY, "value" character varying, "created_at" timestamp NOT NULL, "updated_at" timestamp NOT NULL)[0m
  ↳ bin/rails:9
  [1m[35m (27.8ms)[0m  [1m[34mSELECT pg_try_advisory_lock(4226949437190668265)[0m
  ↳ bin/rails:9
  [1m[35m (11.7ms)[0m  [1m[34mSELECT "schema_migrations"."version" FROM "schema_migrations" ORDER BY "schema_migrations"."version" ASC[0m
  ↳ bin/rails:9
Migrating to CreateUsers (20191001165110)
  [1m[35m (0.2ms)[0m  [1m[35mBEGIN[0m
  ↳ bin/rails:9
  [1m[35m (51.5ms)[0m  [1m[35mCREATE TABLE "users" ("id" bigserial primary key, "username" character varying NOT NULL, "email" character varying NOT NULL, "password_digest" character varying NOT NULL, "session_token" character varying NOT NULL, "created_at" timestamp NOT NULL, "updated_at" timestamp NOT NULL)[0m
  ↳ db/migrate/20191001165110_create_users.rb:3
  [1m[35m (9.5ms)[0m  [1m[35mCREATE UNIQUE INDEX  "index_users_on_username" ON "users"  ("username")[0m
  ↳ db/migrate/20191001165110_create_users.rb:11
  [1m[35m (1.6ms)[0m  [1m[35mCREATE UNIQUE INDEX  "index_users_on_email" ON "users"  ("email")[0m
  ↳ db/migrate/20191001165110_create_users.rb:12
  [1m[35m (1.7ms)[0m  [1m[35mCREATE UNIQUE INDEX  "index_users_on_session_token" ON "users"  ("session_token")[0m
  ↳ db/migrate/20191001165110_create_users.rb:13
  [1m[36mActiveRecord::SchemaMigration Create (1.4ms)[0m  [1m[32mINSERT INTO "schema_migrations" ("version") VALUES ($1) RETURNING "version"[0m  [["version", "20191001165110"]]
  ↳ bin/rails:9
  [1m[35m (0.7ms)[0m  [1m[35mCOMMIT[0m
  ↳ bin/rails:9
Migrating to CreateLocations (20191001165506)
  [1m[35m (15.3ms)[0m  [1m[35mBEGIN[0m
  ↳ bin/rails:9
  [1m[35m (8.0ms)[0m  [1m[35mCREATE TABLE "locations" ("id" bigserial primary key, "lat" float NOT NULL, "lng" float NOT NULL, "created_at" timestamp NOT NULL, "updated_at" timestamp NOT NULL)[0m
  ↳ db/migrate/20191001165506_create_locations.rb:3
  [1m[36mActiveRecord::SchemaMigration Create (0.5ms)[0m  [1m[32mINSERT INTO "schema_migrations" ("version") VALUES ($1) RETURNING "version"[0m  [["version", "20191001165506"]]
  ↳ bin/rails:9
  [1m[35m (32.9ms)[0m  [1m[35mCOMMIT[0m
  ↳ bin/rails:9
Migrating to CreateEvents (20191001165557)
  [1m[35m (15.4ms)[0m  [1m[35mBEGIN[0m
  ↳ bin/rails:9
  [1m[35m (5.0ms)[0m  [1m[35mCREATE TABLE "events" ("id" bigserial primary key, "name" character varying NOT NULL, "body" character varying NOT NULL, "openings" integer NOT NULL, "location_id" integer NOT NULL, "created_at" timestamp NOT NULL, "updated_at" timestamp NOT NULL)[0m
  ↳ db/migrate/20191001165557_create_events.rb:3
  [1m[36mActiveRecord::SchemaMigration Create (0.4ms)[0m  [1m[32mINSERT INTO "schema_migrations" ("version") VALUES ($1) RETURNING "version"[0m  [["version", "20191001165557"]]
  ↳ bin/rails:9
  [1m[35m (0.8ms)[0m  [1m[35mCOMMIT[0m
  ↳ bin/rails:9
Migrating to CreateAttendees (20191001165941)
  [1m[35m (0.4ms)[0m  [1m[35mBEGIN[0m
  ↳ bin/rails:9
  [1m[35m (4.3ms)[0m  [1m[35mCREATE TABLE "attendees" ("id" bigserial primary key, "user_id" integer NOT NULL, "event_id" integer NOT NULL, "created_at" timestamp NOT NULL, "updated_at" timestamp NOT NULL)[0m
  ↳ db/migrate/20191001165941_create_attendees.rb:3
  [1m[35m (33.7ms)[0m  [1m[35mCREATE UNIQUE INDEX  "index_attendees_on_user_id_and_event_id" ON "attendees"  ("user_id", "event_id")[0m
  ↳ db/migrate/20191001165941_create_attendees.rb:9
  [1m[36mActiveRecord::SchemaMigration Create (0.4ms)[0m  [1m[32mINSERT INTO "schema_migrations" ("version") VALUES ($1) RETURNING "version"[0m  [["version", "20191001165941"]]
  ↳ bin/rails:9
  [1m[35m (0.7ms)[0m  [1m[35mCOMMIT[0m
  ↳ bin/rails:9
  [1m[36mActiveRecord::InternalMetadata Load (0.6ms)[0m  [1m[34mSELECT  "ar_internal_metadata".* FROM "ar_internal_metadata" WHERE "ar_internal_metadata"."key" = $1 LIMIT $2[0m  [["key", "environment"], ["LIMIT", 1]]
  ↳ bin/rails:9
  [1m[35m (0.5ms)[0m  [1m[35mBEGIN[0m
  ↳ bin/rails:9
  [1m[36mActiveRecord::InternalMetadata Create (0.9ms)[0m  [1m[32mINSERT INTO "ar_internal_metadata" ("key", "value", "created_at", "updated_at") VALUES ($1, $2, $3, $4) RETURNING "key"[0m  [["key", "environment"], ["value", "development"], ["created_at", "2019-10-01 18:06:03.013118"], ["updated_at", "2019-10-01 18:06:03.013118"]]
  ↳ bin/rails:9
  [1m[35m (0.5ms)[0m  [1m[35mCOMMIT[0m
  ↳ bin/rails:9
  [1m[35m (0.4ms)[0m  [1m[34mSELECT pg_advisory_unlock(4226949437190668265)[0m
  ↳ bin/rails:9
  [1m[35m (17.9ms)[0m  [1m[34mSELECT "schema_migrations"."version" FROM "schema_migrations" ORDER BY "schema_migrations"."version" ASC[0m
  ↳ bin/rails:9
  [1m[35m (32.3ms)[0m  [1m[34mSELECT "schema_migrations"."version" FROM "schema_migrations" ORDER BY "schema_migrations"."version" ASC[0m
  ↳ /Users/aa/.rbenv/versions/2.5.1/bin/annotate:23
  [1m[35m (0.9ms)[0m  [1m[34mSELECT "schema_migrations"."version" FROM "schema_migrations" ORDER BY "schema_migrations"."version" ASC[0m
  ↳ bin/rails:9
  [1m[36mUser Load (38.9ms)[0m  [1m[34mSELECT "users".* FROM "users"[0m
  ↳ db/seeds.rb:9
  [1m[35m (2.2ms)[0m  [1m[34mSELECT "schema_migrations"."version" FROM "schema_migrations" ORDER BY "schema_migrations"."version" ASC[0m
  ↳ bin/rails:9
  [1m[36mUser Destroy (19.0ms)[0m  [1m[31mDELETE FROM "users"[0m
  ↳ db/seeds.rb:9
  [1m[35m (0.2ms)[0m  [1m[35mBEGIN[0m
  ↳ db/seeds.rb:11
  [1m[36mUser Exists (1.0ms)[0m  [1m[34mSELECT  1 AS one FROM "users" WHERE "users"."username" = $1 LIMIT $2[0m  [["username", "Kiki"], ["LIMIT", 1]]
  ↳ db/seeds.rb:11
  [1m[36mUser Exists (0.4ms)[0m  [1m[34mSELECT  1 AS one FROM "users" WHERE "users"."session_token" = $1 LIMIT $2[0m  [["session_token", "F1l9kiIRl-eHZzZyTQnicw"], ["LIMIT", 1]]
  ↳ db/seeds.rb:11
  [1m[36mUser Create (49.4ms)[0m  [1m[32mINSERT INTO "users" ("username", "email", "password_digest", "session_token", "created_at", "updated_at") VALUES ($1, $2, $3, $4, $5, $6) RETURNING "id"[0m  [["username", "Kiki"], ["email", "Kiki@KikisDeliveryService.com"], ["password_digest", "$2a$12$TXaNGAh0c4cxivP7nfOLju.AVJMwsajBSZ2ye5GEJHcU0UAXnr.G6"], ["session_token", "F1l9kiIRl-eHZzZyTQnicw"], ["created_at", "2019-10-01 18:23:50.038550"], ["updated_at", "2019-10-01 18:23:50.038550"]]
  ↳ db/seeds.rb:11
  [1m[35m (0.7ms)[0m  [1m[35mCOMMIT[0m
  ↳ db/seeds.rb:11
  [1m[35m (0.2ms)[0m  [1m[35mBEGIN[0m
  ↳ db/seeds.rb:12
  [1m[36mUser Exists (0.5ms)[0m  [1m[34mSELECT  1 AS one FROM "users" WHERE "users"."username" = $1 LIMIT $2[0m  [["username", "Totoro"], ["LIMIT", 1]]
  ↳ db/seeds.rb:12
  [1m[36mUser Exists (0.3ms)[0m  [1m[34mSELECT  1 AS one FROM "users" WHERE "users"."session_token" = $1 LIMIT $2[0m  [["session_token", "sftPJDT0fepzTRuwLUfQoQ"], ["LIMIT", 1]]
  ↳ db/seeds.rb:12
  [1m[36mUser Create (0.4ms)[0m  [1m[32mINSERT INTO "users" ("username", "email", "password_digest", "session_token", "created_at", "updated_at") VALUES ($1, $2, $3, $4, $5, $6) RETURNING "id"[0m  [["username", "Totoro"], ["email", "Totoro@MyNeighborTotoro.com"], ["password_digest", "$2a$12$NZcH.QmrlkD..NcsaWv2lug7Rza2GTlqibtQ.Q.JDmRrTymYxkvgG"], ["session_token", "sftPJDT0fepzTRuwLUfQoQ"], ["created_at", "2019-10-01 18:23:50.409186"], ["updated_at", "2019-10-01 18:23:50.409186"]]
  ↳ db/seeds.rb:12
  [1m[35m (0.6ms)[0m  [1m[35mCOMMIT[0m
  ↳ db/seeds.rb:12
  [1m[35m (0.2ms)[0m  [1m[35mBEGIN[0m
  ↳ db/seeds.rb:13
  [1m[36mUser Exists (0.5ms)[0m  [1m[34mSELECT  1 AS one FROM "users" WHERE "users"."username" = $1 LIMIT $2[0m  [["username", "Howl"], ["LIMIT", 1]]
  ↳ db/seeds.rb:13
  [1m[36mUser Exists (0.4ms)[0m  [1m[34mSELECT  1 AS one FROM "users" WHERE "users"."session_token" = $1 LIMIT $2[0m  [["session_token", "_cru2T2TRhQjMRxUS0hUaA"], ["LIMIT", 1]]
  ↳ db/seeds.rb:13
  [1m[36mUser Create (0.5ms)[0m  [1m[32mINSERT INTO "users" ("username", "email", "password_digest", "session_token", "created_at", "updated_at") VALUES ($1, $2, $3, $4, $5, $6) RETURNING "id"[0m  [["username", "Howl"], ["email", "Howl@HowlsMovingCastle.com"], ["password_digest", "$2a$12$Shh11oGk2Kcvms1IbiqScOcqkomYzSO7bMHWGsD5YsARPV5jBaO6e"], ["session_token", "_cru2T2TRhQjMRxUS0hUaA"], ["created_at", "2019-10-01 18:23:50.721437"], ["updated_at", "2019-10-01 18:23:50.721437"]]
  ↳ db/seeds.rb:13
  [1m[35m (0.6ms)[0m  [1m[35mCOMMIT[0m
  ↳ db/seeds.rb:13
  [1m[35m (0.3ms)[0m  [1m[35mBEGIN[0m
  ↳ db/seeds.rb:14
  [1m[36mUser Exists (0.5ms)[0m  [1m[34mSELECT  1 AS one FROM "users" WHERE "users"."username" = $1 LIMIT $2[0m  [["username", "Mononoke"], ["LIMIT", 1]]
  ↳ db/seeds.rb:14
  [1m[36mUser Exists (0.4ms)[0m  [1m[34mSELECT  1 AS one FROM "users" WHERE "users"."session_token" = $1 LIMIT $2[0m  [["session_token", "QJVsyfRTt5DNfXzIBwBOmQ"], ["LIMIT", 1]]
  ↳ db/seeds.rb:14
  [1m[36mUser Create (0.4ms)[0m  [1m[32mINSERT INTO "users" ("username", "email", "password_digest", "session_token", "created_at", "updated_at") VALUES ($1, $2, $3, $4, $5, $6) RETURNING "id"[0m  [["username", "Mononoke"], ["email", "Mononoke@PrincessMononoke.com"], ["password_digest", "$2a$12$nvjDz4LdxmftB7WfQiQ34.3/uY9QJt8z.MlUP7D3qAPxZDytGx4Ry"], ["session_token", "QJVsyfRTt5DNfXzIBwBOmQ"], ["created_at", "2019-10-01 18:23:51.032704"], ["updated_at", "2019-10-01 18:23:51.032704"]]
  ↳ db/seeds.rb:14
  [1m[35m (0.6ms)[0m  [1m[35mCOMMIT[0m
  ↳ db/seeds.rb:14
  [1m[36mUser Load (0.9ms)[0m  [1m[34mSELECT  "users".* FROM "users" ORDER BY "users"."id" ASC LIMIT $1[0m  [["LIMIT", 1]]
  [1m[36mUser Load (0.7ms)[0m  [1m[34mSELECT "users".* FROM "users"[0m
Started GET "/" for ::1 at 2019-10-01 15:40:58 -0400
  [1m[35m (18.1ms)[0m  [1m[34mSELECT "schema_migrations"."version" FROM "schema_migrations" ORDER BY "schema_migrations"."version" ASC[0m
  ↳ /Users/aa/.rbenv/versions/2.5.1/lib/ruby/gems/2.5.0/gems/activerecord-5.2.3/lib/active_record/log_subscriber.rb:98
Processing by StaticPagesController#root as HTML
  Rendering static_pages/root.html within layouts/application
  Rendered static_pages/root.html within layouts/application (4.1ms)
Started GET "/api/users/show" for ::1 at 2019-10-01 15:41:01 -0400
Completed 200 OK in 5099ms (Views: 5080.3ms | ActiveRecord: 0.0ms)


  
ActionController::RoutingError (No route matches [GET] "/api/users/show"):
  
actionpack (5.2.3) lib/action_dispatch/middleware/debug_exceptions.rb:65:in `call'
web-console (3.7.0) lib/web_console/middleware.rb:135:in `call_app'
web-console (3.7.0) lib/web_console/middleware.rb:30:in `block in call'
web-console (3.7.0) lib/web_console/middleware.rb:20:in `catch'
web-console (3.7.0) lib/web_console/middleware.rb:20:in `call'
actionpack (5.2.3) lib/action_dispatch/middleware/show_exceptions.rb:33:in `call'
railties (5.2.3) lib/rails/rack/logger.rb:38:in `call_app'
railties (5.2.3) lib/rails/rack/logger.rb:26:in `block in call'
activesupport (5.2.3) lib/active_support/tagged_logging.rb:71:in `block in tagged'
activesupport (5.2.3) lib/active_support/tagged_logging.rb:28:in `tagged'
activesupport (5.2.3) lib/active_support/tagged_logging.rb:71:in `tagged'
railties (5.2.3) lib/rails/rack/logger.rb:26:in `call'
sprockets-rails (3.2.1) lib/sprockets/rails/quiet_assets.rb:13:in `call'
actionpack (5.2.3) lib/action_dispatch/middleware/remote_ip.rb:81:in `call'
actionpack (5.2.3) lib/action_dispatch/middleware/request_id.rb:27:in `call'
rack (2.0.7) lib/rack/method_override.rb:22:in `call'
rack (2.0.7) lib/rack/runtime.rb:22:in `call'
activesupport (5.2.3) lib/active_support/cache/strategy/local_cache_middleware.rb:29:in `call'
actionpack (5.2.3) lib/action_dispatch/middleware/executor.rb:14:in `call'
actionpack (5.2.3) lib/action_dispatch/middleware/static.rb:127:in `call'
rack (2.0.7) lib/rack/sendfile.rb:111:in `call'
railties (5.2.3) lib/rails/engine.rb:524:in `call'
puma (3.12.1) lib/puma/configuration.rb:227:in `call'
puma (3.12.1) lib/puma/server.rb:660:in `handle_request'
puma (3.12.1) lib/puma/server.rb:474:in `process_client'
puma (3.12.1) lib/puma/server.rb:334:in `block in run'
puma (3.12.1) lib/puma/thread_pool.rb:135:in `block in spawn_thread'
Started GET "/" for ::1 at 2019-10-01 16:04:31 -0400
Processing by StaticPagesController#root as HTML
  Rendering static_pages/root.html within layouts/application
  Rendered static_pages/root.html within layouts/application (0.8ms)
Completed 200 OK in 354ms (Views: 336.2ms | ActiveRecord: 0.0ms)


Started GET "/" for ::1 at 2019-10-01 17:00:36 -0400
Processing by StaticPagesController#root as HTML
  Rendering static_pages/root.html within layouts/application
  Rendered static_pages/root.html within layouts/application (1.9ms)
Completed 200 OK in 319ms (Views: 262.3ms | ActiveRecord: 0.0ms)


Started GET "/" for ::1 at 2019-10-01 17:02:26 -0400
Processing by StaticPagesController#root as HTML
  Rendering static_pages/root.html within layouts/application
  Rendered static_pages/root.html within layouts/application (0.6ms)
Completed 200 OK in 492ms (Views: 447.3ms | ActiveRecord: 0.0ms)


Started GET "/api/users/1" for ::1 at 2019-10-01 17:02:36 -0400
Processing by Api::UsersController#show as JSON
  Parameters: {"id"=>"1"}
  Rendering api/users/show.json.jbuilder
  Rendered api/users/_user.json.jbuilder (4.9ms)
  Rendered api/users/show.json.jbuilder (15.0ms)
Completed 500 Internal Server Error in 22ms (ActiveRecord: 0.0ms)



NoMethodError - undefined method `id' for nil:NilClass:
  app/views/api/users/_user.json.jbuilder:1:in `_app_views_api_users__user_json_jbuilder___423149916669764633_70318308811620'
  app/views/api/users/show.json.jbuilder:1:in `_app_views_api_users_show_json_jbuilder___4456495170833729896_70318308850340'

Started POST "/__better_errors/a32c3ec218a51d4d/variables" for ::1 at 2019-10-01 17:02:37 -0400
  [1m[36mUser Load (31.8ms)[0m  [1m[34mSELECT "users".* FROM "users"[0m
Started GET "/api/users/1" for ::1 at 2019-10-01 17:03:19 -0400
Processing by Api::UsersController#show as JSON
  Parameters: {"id"=>"1"}
  Rendering api/users/show.json.jbuilder
  Rendered api/users/_user.json.jbuilder (11.3ms)
  Rendered api/users/show.json.jbuilder (23.4ms)
Completed 500 Internal Server Error in 36ms (ActiveRecord: 0.0ms)



NoMethodError - undefined method `id' for nil:NilClass:
  app/views/api/users/_user.json.jbuilder:1:in `_app_views_api_users__user_json_jbuilder___423149916669764633_70318347629400'
  app/views/api/users/show.json.jbuilder:1:in `_app_views_api_users_show_json_jbuilder___4456495170833729896_70318347696520'

Started POST "/__better_errors/b544fddadc17df32/variables" for ::1 at 2019-10-01 17:03:20 -0400
Started GET "/api/users/1" for ::1 at 2019-10-01 17:05:31 -0400
Processing by Api::UsersController#show as JSON
  Parameters: {"id"=>"1"}
  Rendering api/users/show.json.jbuilder
  Rendered api/users/_user.json.jbuilder (10.3ms)
  Rendered api/users/show.json.jbuilder (19.0ms)
Completed 500 Internal Server Error in 28ms (ActiveRecord: 0.0ms)



NoMethodError - undefined method `id' for nil:NilClass:
  app/views/api/users/_user.json.jbuilder:1:in `_app_views_api_users__user_json_jbuilder___423149916669764633_70318339511880'
  app/views/api/users/show.json.jbuilder:1:in `_app_views_api_users_show_json_jbuilder___4456495170833729896_70318339277840'

Started POST "/__better_errors/0ece54dfc92a3fd8/variables" for ::1 at 2019-10-01 17:05:31 -0400
